SF:lib/utils/enum.dart
DA:4,15
DA:10,2
DA:13,2
DA:15,2
DA:20,1
DA:22,1
DA:24,1
DA:30,15
DA:35,1
DA:38,1
DA:40,1
DA:42,1
LF:12
LH:12
end_of_record
SF:lib/data/datasources/local_data_source.dart
DA:18,1
DA:21,1
DA:23,2
DA:24,2
DA:25,1
DA:26,2
DA:27,2
DA:28,2
DA:29,2
DA:30,2
DA:31,2
DA:35,1
DA:40,1
DA:42,3
DA:44,1
DA:49,1
DA:53,2
DA:54,1
DA:55,5
DA:56,1
DA:57,2
DA:58,1
DA:59,1
DA:60,1
DA:61,1
DA:62,1
DA:63,1
DA:66,1
DA:69,1
DA:74,1
DA:76,3
DA:79,1
LF:32
LH:32
end_of_record
SF:lib/data/models/film_local.g.dart
DA:13,0
DA:15,0
DA:16,0
DA:17,0
DA:19,0
DA:20,0
DA:21,0
DA:22,0
DA:23,0
DA:24,0
DA:25,0
DA:28,0
DA:31,0
DA:32,0
DA:33,0
DA:34,0
DA:35,0
DA:36,0
DA:37,0
DA:38,0
DA:39,0
DA:40,0
DA:41,0
DA:42,0
DA:43,0
DA:46,0
DA:47,0
DA:49,0
DA:52,0
DA:53,0
DA:54,0
LF:31
LH:0
end_of_record
SF:lib/data/models/film_model.dart
DA:17,12
DA:18,12
LF:2
LH:2
end_of_record
SF:lib/data/models/film_model.g.dart
DA:9,24
DA:10,12
DA:11,12
DA:12,12
DA:13,24
DA:14,12
DA:15,12
DA:18,1
DA:19,1
DA:20,1
DA:21,1
DA:22,1
DA:23,1
DA:24,1
DA:25,1
LF:15
LH:15
end_of_record
SF:lib/utils/exception.dart
DA:4,3
LF:1
LH:1
end_of_record
SF:lib/data/datasources/remote_data_source.dart
DA:18,1
DA:21,1
DA:23,5
DA:24,1
DA:25,1
DA:29,1
DA:34,1
DA:36,2
DA:37,1
DA:38,2
DA:40,3
DA:41,4
DA:42,1
DA:43,1
DA:46,1
DA:51,1
DA:53,5
DA:54,2
DA:55,1
DA:56,2
DA:58,1
DA:61,1
DA:66,1
DA:68,3
DA:69,2
DA:71,2
DA:72,1
DA:73,2
DA:75,1
DA:78,1
DA:83,1
DA:85,5
DA:86,2
DA:87,1
DA:88,2
DA:90,1
DA:93,1
DA:98,1
DA:101,5
DA:102,2
DA:103,1
DA:104,2
DA:106,1
DA:109,1
LF:44
LH:44
end_of_record
SF:lib/data/repositories/film_repository_impl.dart
DA:13,1
DA:16,1
DA:18,3
DA:20,1
DA:21,1
DA:22,1
DA:23,1
DA:24,1
DA:25,1
DA:26,1
DA:29,1
DA:30,1
DA:31,2
DA:36,1
DA:38,3
DA:39,1
DA:40,1
DA:41,2
DA:46,1
DA:48,3
DA:49,1
DA:50,1
DA:52,1
DA:53,1
DA:54,1
DA:55,1
DA:59,1
DA:60,2
DA:65,1
DA:67,3
DA:68,1
DA:70,1
DA:71,2
DA:72,1
DA:73,1
DA:74,1
DA:75,1
DA:76,1
DA:80,1
DA:82,1
DA:83,2
DA:88,1
DA:90,3
DA:91,1
DA:93,1
DA:94,2
DA:95,1
DA:96,1
DA:97,1
DA:98,1
DA:99,1
DA:103,1
DA:105,1
DA:106,2
DA:111,1
DA:116,3
DA:117,1
DA:119,1
DA:120,2
DA:121,1
DA:122,1
DA:123,1
DA:124,1
DA:125,1
DA:129,1
DA:131,1
DA:132,2
DA:137,1
DA:139,3
DA:140,1
DA:142,1
DA:143,2
DA:144,1
DA:145,1
DA:146,1
DA:147,1
DA:148,1
DA:152,1
DA:154,1
DA:155,2
DA:160,1
DA:162,3
DA:163,1
DA:165,1
DA:166,2
DA:167,1
DA:168,1
DA:169,1
DA:170,1
DA:171,1
DA:175,1
DA:177,1
DA:178,2
DA:183,1
DA:185,3
DA:186,1
DA:187,1
DA:188,2
DA:193,1
DA:195,3
DA:196,1
DA:198,1
DA:199,2
DA:200,1
DA:201,1
DA:202,1
DA:203,1
DA:204,1
DA:208,1
DA:210,1
DA:211,2
LF:111
LH:111
end_of_record
SF:lib/domain/usecases/get_film_detail.dart
DA:9,1
DA:11,1
DA:12,3
LF:3
LH:3
end_of_record
SF:lib/utils/http_client.dart
DA:5,1
DA:6,2
DA:8,1
DA:12,3
DA:13,1
DA:14,2
DA:15,1
LF:7
LH:7
end_of_record
SF:lib/domain/usecases/get_film_top_rated.dart
DA:9,1
DA:11,1
DA:12,3
LF:3
LH:3
end_of_record
SF:lib/domain/usecases/get_watchlist_exist.dart
DA:8,1
DA:10,1
DA:11,3
LF:3
LH:3
end_of_record
SF:lib/domain/usecases/get_film_popular.dart
DA:9,1
DA:11,1
DA:12,3
LF:3
LH:3
end_of_record
SF:lib/domain/usecases/search_film.dart
DA:9,1
DA:11,1
DA:12,3
LF:3
LH:3
end_of_record
SF:lib/domain/usecases/remove_watchlist.dart
DA:8,1
DA:10,1
DA:11,3
LF:3
LH:3
end_of_record
SF:lib/domain/usecases/get_film_now_playing.dart
DA:9,1
DA:11,1
DA:12,3
LF:3
LH:3
end_of_record
SF:lib/domain/usecases/add_watchlist.dart
DA:9,1
DA:11,1
DA:12,3
LF:3
LH:3
end_of_record
SF:lib/domain/usecases/get_film_recommendation.dart
DA:9,1
DA:11,1
DA:12,3
LF:3
LH:3
end_of_record
SF:lib/domain/usecases/get_watchlist.dart
DA:9,1
DA:11,1
DA:12,3
LF:3
LH:3
end_of_record
